<?xml version="1.0" encoding="UTF-8"?>
<!-- Generated by org.testng.reporters.JUnitXMLReporter -->
<testsuite ignored="31" hostname="DESKTOP-MHM4477" failures="3" tests="12" name="Ebay_Framework_FInal" time="334.087" errors="0" timestamp="2022-05-10T17:34:09 EDT">
  <testcase classname="com.PageTests.CareerTest" name="titleTest" time="3.96"/>
  <testcase classname="com.PageTests.ClothingAccessoriesTests" name="remainingCategories" time="23.701"/>
  <testcase classname="com.PageTests.CollecteblesTest" name="collectibles1" time="21.592">
    <failure type="org.openqa.selenium.WebDriverException" message="unknown error: cannot determine loading status
from target frame detached
  (Session info: chrome=101.0.4951.54)
Build info: version: &amp;apos;4.1.1&amp;apos;, revision: &amp;apos;e8fcc2cecf&amp;apos;
System info: host: &amp;apos;DESKTOP-MHM4477&amp;apos;, ip: &amp;apos;192.168.0.103&amp;apos;, os.name: &amp;apos;Windows 10&amp;apos;, os.arch: &amp;apos;amd64&amp;apos;, os.version: &amp;apos;10.0&amp;apos;, java.version: &amp;apos;11.0.12&amp;apos;
Driver info: org.openqa.selenium.chrome.ChromeDriver
Command: [ffd0888704197ad0a7a3746262e69da1, clickElement {id=92bf242e-e920-4852-9683-7a99397a5b2f}]
Capabilities {acceptInsecureCerts: false, browserName: chrome, browserVersion: 101.0.4951.54, chrome: {chromedriverVersion: 101.0.4951.41 (93c720db8323..., userDataDir: C:\Users\bassv\AppData\Loca...}, goog:chromeOptions: {debuggerAddress: localhost:63361}, javascriptEnabled: true, networkConnectionEnabled: false, pageLoadStrategy: normal, platform: WINDOWS, platformName: WINDOWS, proxy: Proxy(), se:cdp: ws://localhost:63361/devtoo..., se:cdpVersion: 101.0.4951.54, setWindowRect: true, strictFileInteractability: false, timeouts: {implicit: 0, pageLoad: 300000, script: 30000}, unhandledPromptBehavior: dismiss and notify, webauthn:extension:credBlob: true, webauthn:extension:largeBlob: true, webauthn:virtualAuthenticators: true}
Element: [[ChromeDriver: chrome on WINDOWS (ffd0888704197ad0a7a3746262e69da1)] -&amp;gt; xpath: //a[contains(text(),&amp;apos;See all in Stamps&amp;apos;)]]
Session ID: ffd0888704197ad0a7a3746262e69da1">
      <![CDATA[org.openqa.selenium.WebDriverException: unknown error: cannot determine loading status
from target frame detached
  (Session info: chrome=101.0.4951.54)
Build info: version: '4.1.1', revision: 'e8fcc2cecf'
System info: host: 'DESKTOP-MHM4477', ip: '192.168.0.103', os.name: 'Windows 10', os.arch: 'amd64', os.version: '10.0', java.version: '11.0.12'
Driver info: org.openqa.selenium.chrome.ChromeDriver
Command: [ffd0888704197ad0a7a3746262e69da1, clickElement {id=92bf242e-e920-4852-9683-7a99397a5b2f}]
Capabilities {acceptInsecureCerts: false, browserName: chrome, browserVersion: 101.0.4951.54, chrome: {chromedriverVersion: 101.0.4951.41 (93c720db8323..., userDataDir: C:\Users\bassv\AppData\Loca...}, goog:chromeOptions: {debuggerAddress: localhost:63361}, javascriptEnabled: true, networkConnectionEnabled: false, pageLoadStrategy: normal, platform: WINDOWS, platformName: WINDOWS, proxy: Proxy(), se:cdp: ws://localhost:63361/devtoo..., se:cdpVersion: 101.0.4951.54, setWindowRect: true, strictFileInteractability: false, timeouts: {implicit: 0, pageLoad: 300000, script: 30000}, unhandledPromptBehavior: dismiss and notify, webauthn:extension:credBlob: true, webauthn:extension:largeBlob: true, webauthn:virtualAuthenticators: true}
Element: [[ChromeDriver: chrome on WINDOWS (ffd0888704197ad0a7a3746262e69da1)] -> xpath: //a[contains(text(),'See all in Stamps')]]
Session ID: ffd0888704197ad0a7a3746262e69da1
at org.openqa.selenium.remote.codec.w3c.W3CHttpResponseCodec.createException(W3CHttpResponseCodec.java:200)
at org.openqa.selenium.remote.codec.w3c.W3CHttpResponseCodec.decode(W3CHttpResponseCodec.java:133)
at org.openqa.selenium.remote.codec.w3c.W3CHttpResponseCodec.decode(W3CHttpResponseCodec.java:53)
at org.openqa.selenium.remote.HttpCommandExecutor.execute(HttpCommandExecutor.java:184)
at org.openqa.selenium.remote.service.DriverCommandExecutor.invokeExecute(DriverCommandExecutor.java:167)
at org.openqa.selenium.remote.service.DriverCommandExecutor.execute(DriverCommandExecutor.java:142)
at org.openqa.selenium.remote.RemoteWebDriver.execute(RemoteWebDriver.java:543)
at org.openqa.selenium.remote.RemoteWebElement.execute(RemoteWebElement.java:251)
at org.openqa.selenium.remote.RemoteWebElement.click(RemoteWebElement.java:77)
at org.openqa.selenium.support.pagefactory.internal.LocatingElementHandler.invoke(LocatingElementHandler.java:52)
at com.sun.proxy.$Proxy20.click(Unknown Source)
at com.PageObjects.CollecteblesAndArt.clickstampsLink(CollecteblesAndArt.java:99)
at com.PageTests.CollecteblesTest.collectibles1(CollecteblesTest.java:35)
at java.base/java.util.ArrayList.forEach(ArrayList.java:1541)
at com.intellij.rt.testng.IDEARemoteTestNG.run(IDEARemoteTestNG.java:66)
at com.intellij.rt.testng.RemoteTestNGStarter.main(RemoteTestNGStarter.java:109)
... Removed 32 stack frames]]>
    </failure>
  </testcase> <!-- collectibles1 -->
  <testcase classname="com.PageTests.DailyDealsTest" name="screenShot" time="9.03"/>
  <testcase classname="com.PageTests.HomePageSearchTest" name="itemSearchResults" time="3.342"/>
  <testcase classname="com.PageTests.HomePageSearchTest" name="searchResultsAgain" time="2.802"/>
  <testcase classname="com.PageTests.HomePageTest" name="hoverTest" time="98.939"/>
  <testcase classname="com.PageTests.RegisterUserTest" name="registerUserInput" time="3.484">
    <failure type="org.openqa.selenium.NoSuchElementException" message="no such element: Unable to locate element: {&amp;quot;method&amp;quot;:&amp;quot;xpath&amp;quot;,&amp;quot;selector&amp;quot;:&amp;quot;//input[@id=&amp;apos;personalaccount-radio&amp;apos;]&amp;quot;}
  (Session info: chrome=101.0.4951.54)
For documentation on this error, please visit: https://selenium.dev/exceptions/#no_such_element
Build info: version: &amp;apos;4.1.1&amp;apos;, revision: &amp;apos;e8fcc2cecf&amp;apos;
System info: host: &amp;apos;DESKTOP-MHM4477&amp;apos;, ip: &amp;apos;192.168.0.103&amp;apos;, os.name: &amp;apos;Windows 10&amp;apos;, os.arch: &amp;apos;amd64&amp;apos;, os.version: &amp;apos;10.0&amp;apos;, java.version: &amp;apos;11.0.12&amp;apos;
Driver info: org.openqa.selenium.chrome.ChromeDriver
Command: [c679ad7e6805b06f7324d8738e34f9f4, findElement {using=xpath, value=//input[@id=&amp;apos;personalaccount-radio&amp;apos;]}]
Capabilities {acceptInsecureCerts: false, browserName: chrome, browserVersion: 101.0.4951.54, chrome: {chromedriverVersion: 101.0.4951.41 (93c720db8323..., userDataDir: C:\Users\bassv\AppData\Loca...}, goog:chromeOptions: {debuggerAddress: localhost:64204}, javascriptEnabled: true, networkConnectionEnabled: false, pageLoadStrategy: normal, platform: WINDOWS, platformName: WINDOWS, proxy: Proxy(), se:cdp: ws://localhost:64204/devtoo..., se:cdpVersion: 101.0.4951.54, setWindowRect: true, strictFileInteractability: false, timeouts: {implicit: 0, pageLoad: 300000, script: 30000}, unhandledPromptBehavior: dismiss and notify, webauthn:extension:credBlob: true, webauthn:extension:largeBlob: true, webauthn:virtualAuthenticators: true}
Session ID: c679ad7e6805b06f7324d8738e34f9f4">
      <![CDATA[org.openqa.selenium.NoSuchElementException: no such element: Unable to locate element: {"method":"xpath","selector":"//input[@id='personalaccount-radio']"}
  (Session info: chrome=101.0.4951.54)
For documentation on this error, please visit: https://selenium.dev/exceptions/#no_such_element
Build info: version: '4.1.1', revision: 'e8fcc2cecf'
System info: host: 'DESKTOP-MHM4477', ip: '192.168.0.103', os.name: 'Windows 10', os.arch: 'amd64', os.version: '10.0', java.version: '11.0.12'
Driver info: org.openqa.selenium.chrome.ChromeDriver
Command: [c679ad7e6805b06f7324d8738e34f9f4, findElement {using=xpath, value=//input[@id='personalaccount-radio']}]
Capabilities {acceptInsecureCerts: false, browserName: chrome, browserVersion: 101.0.4951.54, chrome: {chromedriverVersion: 101.0.4951.41 (93c720db8323..., userDataDir: C:\Users\bassv\AppData\Loca...}, goog:chromeOptions: {debuggerAddress: localhost:64204}, javascriptEnabled: true, networkConnectionEnabled: false, pageLoadStrategy: normal, platform: WINDOWS, platformName: WINDOWS, proxy: Proxy(), se:cdp: ws://localhost:64204/devtoo..., se:cdpVersion: 101.0.4951.54, setWindowRect: true, strictFileInteractability: false, timeouts: {implicit: 0, pageLoad: 300000, script: 30000}, unhandledPromptBehavior: dismiss and notify, webauthn:extension:credBlob: true, webauthn:extension:largeBlob: true, webauthn:virtualAuthenticators: true}
Session ID: c679ad7e6805b06f7324d8738e34f9f4
at org.openqa.selenium.remote.codec.w3c.W3CHttpResponseCodec.createException(W3CHttpResponseCodec.java:200)
at org.openqa.selenium.remote.codec.w3c.W3CHttpResponseCodec.decode(W3CHttpResponseCodec.java:133)
at org.openqa.selenium.remote.codec.w3c.W3CHttpResponseCodec.decode(W3CHttpResponseCodec.java:53)
at org.openqa.selenium.remote.HttpCommandExecutor.execute(HttpCommandExecutor.java:184)
at org.openqa.selenium.remote.service.DriverCommandExecutor.invokeExecute(DriverCommandExecutor.java:167)
at org.openqa.selenium.remote.service.DriverCommandExecutor.execute(DriverCommandExecutor.java:142)
at org.openqa.selenium.remote.RemoteWebDriver.execute(RemoteWebDriver.java:543)
at org.openqa.selenium.remote.ElementLocation$ElementFinder$2.findElement(ElementLocation.java:162)
at org.openqa.selenium.remote.ElementLocation.findElement(ElementLocation.java:60)
at org.openqa.selenium.remote.RemoteWebDriver.findElement(RemoteWebDriver.java:367)
at org.openqa.selenium.remote.RemoteWebDriver.findElement(RemoteWebDriver.java:359)
at org.openqa.selenium.support.pagefactory.DefaultElementLocator.findElement(DefaultElementLocator.java:70)
at org.openqa.selenium.support.pagefactory.internal.LocatingElementHandler.invoke(LocatingElementHandler.java:39)
at com.sun.proxy.$Proxy20.click(Unknown Source)
at com.TestBase.Constants.click(Constants.java:129)
at com.PageObjects.RegisterUserPage.registerClick(RegisterUserPage.java:49)
at com.PageObjects.RegisterUserPage.clickRegister(RegisterUserPage.java:59)
at com.PageTests.RegisterUserTest.registerUserInput(RegisterUserTest.java:40)
at java.base/java.util.ArrayList.forEach(ArrayList.java:1541)
at com.intellij.rt.testng.IDEARemoteTestNG.run(IDEARemoteTestNG.java:66)
at com.intellij.rt.testng.RemoteTestNGStarter.main(RemoteTestNGStarter.java:109)
... Removed 28 stack frames]]>
    </failure>
  </testcase> <!-- registerUserInput -->
  <testcase classname="com.PageTests.SearchSelectTest" name="iPhoneDescription" time="10.127"/>
  <testcase classname="com.PageTests.SelleCenterTest" name="hoverOverTest" time="57.399"/>
  <testcase classname="com.PageTests.SportingGoodsTest" name="callinAllHiddenItems" time="11.766"/>
  <testcase classname="com.PageTests.SportingGoodsTest" name="sportingGoodsClicks" time="8.251">
    <failure type="org.openqa.selenium.WebDriverException" message="unknown error: cannot determine loading status
from target frame detached
  (Session info: chrome=101.0.4951.54)
Build info: version: &amp;apos;4.1.1&amp;apos;, revision: &amp;apos;e8fcc2cecf&amp;apos;
System info: host: &amp;apos;DESKTOP-MHM4477&amp;apos;, ip: &amp;apos;192.168.0.103&amp;apos;, os.name: &amp;apos;Windows 10&amp;apos;, os.arch: &amp;apos;amd64&amp;apos;, os.version: &amp;apos;10.0&amp;apos;, java.version: &amp;apos;11.0.12&amp;apos;
Driver info: org.openqa.selenium.chrome.ChromeDriver
Command: [984af723868004bc71480e60ace37880, goBack {}]
Capabilities {acceptInsecureCerts: false, browserName: chrome, browserVersion: 101.0.4951.54, chrome: {chromedriverVersion: 101.0.4951.41 (93c720db8323..., userDataDir: C:\Users\bassv\AppData\Loca...}, goog:chromeOptions: {debuggerAddress: localhost:64585}, javascriptEnabled: true, networkConnectionEnabled: false, pageLoadStrategy: normal, platform: WINDOWS, platformName: WINDOWS, proxy: Proxy(), se:cdp: ws://localhost:64585/devtoo..., se:cdpVersion: 101.0.4951.54, setWindowRect: true, strictFileInteractability: false, timeouts: {implicit: 0, pageLoad: 300000, script: 30000}, unhandledPromptBehavior: dismiss and notify, webauthn:extension:credBlob: true, webauthn:extension:largeBlob: true, webauthn:virtualAuthenticators: true}
Session ID: 984af723868004bc71480e60ace37880">
      <![CDATA[org.openqa.selenium.WebDriverException: unknown error: cannot determine loading status
from target frame detached
  (Session info: chrome=101.0.4951.54)
Build info: version: '4.1.1', revision: 'e8fcc2cecf'
System info: host: 'DESKTOP-MHM4477', ip: '192.168.0.103', os.name: 'Windows 10', os.arch: 'amd64', os.version: '10.0', java.version: '11.0.12'
Driver info: org.openqa.selenium.chrome.ChromeDriver
Command: [984af723868004bc71480e60ace37880, goBack {}]
Capabilities {acceptInsecureCerts: false, browserName: chrome, browserVersion: 101.0.4951.54, chrome: {chromedriverVersion: 101.0.4951.41 (93c720db8323..., userDataDir: C:\Users\bassv\AppData\Loca...}, goog:chromeOptions: {debuggerAddress: localhost:64585}, javascriptEnabled: true, networkConnectionEnabled: false, pageLoadStrategy: normal, platform: WINDOWS, platformName: WINDOWS, proxy: Proxy(), se:cdp: ws://localhost:64585/devtoo..., se:cdpVersion: 101.0.4951.54, setWindowRect: true, strictFileInteractability: false, timeouts: {implicit: 0, pageLoad: 300000, script: 30000}, unhandledPromptBehavior: dismiss and notify, webauthn:extension:credBlob: true, webauthn:extension:largeBlob: true, webauthn:virtualAuthenticators: true}
Session ID: 984af723868004bc71480e60ace37880
at org.openqa.selenium.remote.codec.w3c.W3CHttpResponseCodec.createException(W3CHttpResponseCodec.java:200)
at org.openqa.selenium.remote.codec.w3c.W3CHttpResponseCodec.decode(W3CHttpResponseCodec.java:133)
at org.openqa.selenium.remote.codec.w3c.W3CHttpResponseCodec.decode(W3CHttpResponseCodec.java:53)
at org.openqa.selenium.remote.HttpCommandExecutor.execute(HttpCommandExecutor.java:184)
at org.openqa.selenium.remote.service.DriverCommandExecutor.invokeExecute(DriverCommandExecutor.java:167)
at org.openqa.selenium.remote.service.DriverCommandExecutor.execute(DriverCommandExecutor.java:142)
at org.openqa.selenium.remote.RemoteWebDriver.execute(RemoteWebDriver.java:543)
at org.openqa.selenium.remote.RemoteWebDriver.execute(RemoteWebDriver.java:598)
at org.openqa.selenium.remote.RemoteWebDriver.execute(RemoteWebDriver.java:602)
at org.openqa.selenium.remote.RemoteWebDriver$RemoteNavigation.back(RemoteWebDriver.java:988)
at com.TestBase.Constants.goBack(Constants.java:124)
at com.PageObjects.SportingGoods.clickingLinks(SportingGoods.java:233)
at com.PageTests.SportingGoodsTest.sportingGoodsClicks(SportingGoodsTest.java:51)
at java.base/java.util.ArrayList.forEach(ArrayList.java:1541)
at com.intellij.rt.testng.IDEARemoteTestNG.run(IDEARemoteTestNG.java:66)
at com.intellij.rt.testng.RemoteTestNGStarter.main(RemoteTestNGStarter.java:109)
... Removed 28 stack frames]]>
    </failure>
  </testcase> <!-- sportingGoodsClicks -->
  <testcase classname="com.PageTests.DailyDealsTest" name="fetchTitle" time="0.0">
    <ignored/>
  </testcase> <!-- fetchTitle -->
  <testcase classname="com.PageTests.CollecteblesTest" name="collectibles5" time="0.0">
    <ignored/>
  </testcase> <!-- collectibles5 -->
  <testcase classname="com.PageTests.HomePageTest" name="footerPicture" time="0.0">
    <ignored/>
  </testcase> <!-- footerPicture -->
  <testcase classname="com.PageTests.HomePageTest" name="moneyBackClick" time="0.0">
    <ignored/>
  </testcase> <!-- moneyBackClick -->
  <testcase classname="com.PageTests.CollecteblesTest" name="itemsOfPage" time="0.0">
    <ignored/>
  </testcase> <!-- itemsOfPage -->
  <testcase classname="com.PageTests.HomePageSearchTest" name="titleTest" time="0.0">
    <ignored/>
  </testcase> <!-- titleTest -->
  <testcase classname="com.PageTests.SelleCenterTest" name="pageTest" time="0.0">
    <ignored/>
  </testcase> <!-- pageTest -->
  <testcase classname="com.PageTests.CollecteblesTest" name="hiddenItems" time="0.0">
    <ignored/>
  </testcase> <!-- hiddenItems -->
  <testcase classname="com.PageTests.HomePageSearchTest" name="searchAgain" time="0.0">
    <ignored/>
  </testcase> <!-- searchAgain -->
  <testcase classname="com.PageTests.SportingGoodsTest" name="clickingItems" time="0.0">
    <ignored/>
  </testcase> <!-- clickingItems -->
  <testcase classname="com.PageTests.DailyDealsTest" name="featuredBody" time="0.0">
    <ignored/>
  </testcase> <!-- featuredBody -->
  <testcase classname="com.PageTests.SearchSelectTest" name="consoleDescription" time="0.0">
    <ignored/>
  </testcase> <!-- consoleDescription -->
  <testcase classname="com.PageTests.SearchSelectTest" name="getWholePageInfo" time="0.0">
    <ignored/>
  </testcase> <!-- getWholePageInfo -->
  <testcase classname="com.PageTests.CollecteblesTest" name="collectibles2" time="0.0">
    <ignored/>
  </testcase> <!-- collectibles2 -->
  <testcase classname="com.PageTests.DailyDealsTest" name="checkingAllDropDowns" time="0.0">
    <ignored/>
  </testcase> <!-- checkingAllDropDowns -->
  <testcase classname="com.PageTests.CareerTest" name="clickingOtherLinks" time="0.0">
    <ignored/>
  </testcase> <!-- clickingOtherLinks -->
  <testcase classname="com.PageTests.HomePageTest" name="searchDrop" time="0.0">
    <ignored/>
  </testcase> <!-- searchDrop -->
  <testcase classname="com.PageTests.HomePageTest" name="categorySelect" time="0.0">
    <ignored/>
  </testcase> <!-- categorySelect -->
  <testcase classname="com.PageTests.CareerTest" name="category" time="0.0">
    <ignored/>
  </testcase> <!-- category -->
  <testcase classname="com.PageTests.CollecteblesTest" name="pageBottomTextPrint" time="0.0">
    <ignored/>
  </testcase> <!-- pageBottomTextPrint -->
  <testcase classname="com.PageTests.DailyDealsTest" name="itemsClick" time="0.0">
    <ignored/>
  </testcase> <!-- itemsClick -->
  <testcase classname="com.PageTests.RegisterUserTest" name="titleCheck" time="0.0">
    <ignored/>
  </testcase> <!-- titleCheck -->
  <testcase classname="com.PageTests.ClothingAccessoriesTests" name="categoryTest2" time="0.0">
    <ignored/>
  </testcase> <!-- categoryTest2 -->
  <testcase classname="com.PageTests.ClothingAccessoriesTests" name="testHiddenButton" time="0.0">
    <ignored/>
  </testcase> <!-- testHiddenButton -->
  <testcase classname="com.PageTests.SportingGoodsTest" name="getFullpageInfo" time="0.0">
    <ignored/>
  </testcase> <!-- getFullpageInfo -->
  <testcase classname="com.PageTests.SportingGoodsTest" name="logoTest" time="0.0">
    <ignored/>
  </testcase> <!-- logoTest -->
  <testcase classname="com.PageTests.CareerTest" name="location" time="0.0">
    <ignored/>
  </testcase> <!-- location -->
  <testcase classname="com.PageTests.CollecteblesTest" name="collectibles3" time="0.0">
    <ignored/>
  </testcase> <!-- collectibles3 -->
  <testcase classname="com.PageTests.SportingGoodsTest" name="checkBottomText" time="0.0">
    <ignored/>
  </testcase> <!-- checkBottomText -->
  <testcase classname="com.PageTests.ClothingAccessoriesTests" name="checkTitle" time="0.0">
    <ignored/>
  </testcase> <!-- checkTitle -->
  <testcase classname="com.PageTests.HomePageSearchTest" name="itemSearch" time="0.0">
    <ignored/>
  </testcase> <!-- itemSearch -->
</testsuite> <!-- Ebay_Framework_FInal -->
