<?xml version="1.0" encoding="UTF-8"?>
<testng-results retried="1" ignored="0" total="5" passed="3" failed="1" skipped="0">
  <reporter-output>
  </reporter-output>
  <suite started-at="2022-05-10T13:36:12 EDT" name="All Test Suite" finished-at="2022-05-10T13:36:57 EDT" duration-ms="44823">
    <groups>
    </groups>
    <test started-at="2022-05-10T13:36:12 EDT" name="C:/Users/bassv/intellij-workspace/Automation-Framework-TeamRock/Sarah/src/test/java/com/PageTests/DiversityTest.java" finished-at="2022-05-10T13:36:57 EDT" duration-ms="44823">
      <class name="com.PageTests.DiversityTest">
        <test-method is-config="true" signature="setUp(java.lang.String,java.lang.String)[pri:0, instance:com.PageTests.DiversityTest@13bc8645]" started-at="2022-05-10T13:36:12 EDT" name="setUp" finished-at="2022-05-10T13:36:15 EDT" duration-ms="3241" status="PASS">
          <params>
            <param index="0">
              <value>
                <![CDATA[chrome]]>
              </value>
            </param>
            <param index="1">
              <value>
                <![CDATA[https://www.ebay.com]]>
              </value>
            </param>
          </params>
          <reporter-output>
          </reporter-output>
        </test-method> <!-- setUp -->
        <test-method signature="numbersText()[pri:0, instance:com.PageTests.DiversityTest@13bc8645]" started-at="2022-05-10T13:36:15 EDT" name="numbersText" finished-at="2022-05-10T13:36:19 EDT" duration-ms="3507" status="PASS">
          <reporter-output>
          </reporter-output>
        </test-method> <!-- numbersText -->
        <test-method is-config="true" signature="tearDown()[pri:0, instance:com.PageTests.DiversityTest@13bc8645]" started-at="2022-05-10T13:36:19 EDT" name="tearDown" finished-at="2022-05-10T13:36:19 EDT" duration-ms="141" status="PASS">
          <reporter-output>
          </reporter-output>
        </test-method> <!-- tearDown -->
        <test-method is-config="true" signature="setUp(java.lang.String,java.lang.String)[pri:0, instance:com.PageTests.DiversityTest@13bc8645]" started-at="2022-05-10T13:36:19 EDT" name="setUp" finished-at="2022-05-10T13:36:22 EDT" duration-ms="2783" status="PASS">
          <params>
            <param index="0">
              <value>
                <![CDATA[chrome]]>
              </value>
            </param>
            <param index="1">
              <value>
                <![CDATA[https://www.ebay.com]]>
              </value>
            </param>
          </params>
          <reporter-output>
          </reporter-output>
        </test-method> <!-- setUp -->
        <test-method signature="byThenumber()[pri:0, instance:com.PageTests.DiversityTest@13bc8645]" started-at="2022-05-10T13:36:22 EDT" name="byThenumber" finished-at="2022-05-10T13:36:26 EDT" duration-ms="4820" status="PASS">
          <reporter-output>
          </reporter-output>
        </test-method> <!-- byThenumber -->
        <test-method is-config="true" signature="tearDown()[pri:0, instance:com.PageTests.DiversityTest@13bc8645]" started-at="2022-05-10T13:36:26 EDT" name="tearDown" finished-at="2022-05-10T13:36:27 EDT" duration-ms="106" status="PASS">
          <reporter-output>
          </reporter-output>
        </test-method> <!-- tearDown -->
        <test-method is-config="true" signature="setUp(java.lang.String,java.lang.String)[pri:0, instance:com.PageTests.DiversityTest@13bc8645]" started-at="2022-05-10T13:36:27 EDT" name="setUp" finished-at="2022-05-10T13:36:29 EDT" duration-ms="2516" status="PASS">
          <params>
            <param index="0">
              <value>
                <![CDATA[chrome]]>
              </value>
            </param>
            <param index="1">
              <value>
                <![CDATA[https://www.ebay.com]]>
              </value>
            </param>
          </params>
          <reporter-output>
          </reporter-output>
        </test-method> <!-- setUp -->
        <test-method signature="pageInfoVerification()[pri:0, instance:com.PageTests.DiversityTest@13bc8645]" started-at="2022-05-10T13:36:29 EDT" name="pageInfoVerification" finished-at="2022-05-10T13:36:31 EDT" duration-ms="2133" status="PASS">
          <reporter-output>
          </reporter-output>
        </test-method> <!-- pageInfoVerification -->
        <test-method is-config="true" signature="tearDown()[pri:0, instance:com.PageTests.DiversityTest@13bc8645]" started-at="2022-05-10T13:36:31 EDT" name="tearDown" finished-at="2022-05-10T13:36:31 EDT" duration-ms="207" status="PASS">
          <reporter-output>
          </reporter-output>
        </test-method> <!-- tearDown -->
        <test-method is-config="true" signature="setUp(java.lang.String,java.lang.String)[pri:0, instance:com.PageTests.DiversityTest@13bc8645]" started-at="2022-05-10T13:36:31 EDT" name="setUp" finished-at="2022-05-10T13:36:34 EDT" duration-ms="2602" status="PASS">
          <params>
            <param index="0">
              <value>
                <![CDATA[chrome]]>
              </value>
            </param>
            <param index="1">
              <value>
                <![CDATA[https://www.ebay.com]]>
              </value>
            </param>
          </params>
          <reporter-output>
          </reporter-output>
        </test-method> <!-- setUp -->
        <test-method retried="true" signature="featureCheck()[pri:0, instance:com.PageTests.DiversityTest@13bc8645]" started-at="2022-05-10T13:36:34 EDT" name="featureCheck" finished-at="2022-05-10T13:36:40 EDT" duration-ms="5555" status="SKIP">
          <exception class="java.io.FileNotFoundException">
            <message>
              <![CDATA[C:\Users\bassv\intellij-workspace\Automation-Framework-TeamRock\Screenshots\FeaturedBody-DiversityPage2022_05_10__0001_36_39.jpeg (The system cannot find the path specified)]]>
            </message>
            <full-stacktrace>
              <![CDATA[java.io.FileNotFoundException: C:\Users\bassv\intellij-workspace\Automation-Framework-TeamRock\Screenshots\FeaturedBody-DiversityPage2022_05_10__0001_36_39.jpeg (The system cannot find the path specified)
at java.base/java.io.FileOutputStream.open0(Native Method)
at java.base/java.io.FileOutputStream.open(FileOutputStream.java:298)
at java.base/java.io.FileOutputStream.<init>(FileOutputStream.java:237)
at com.google.common.io.Files$FileByteSink.openStream(Files.java:192)
at com.google.common.io.Files$FileByteSink.openStream(Files.java:180)
at com.google.common.io.ByteSource.copyTo(ByteSource.java:268)
at com.google.common.io.Files.copy(Files.java:319)
at com.TestBase.Constants.takeScreenshot(Constants.java:184)
at com.PageObjects.DiversityAndInclusionPage.featuredBody(DiversityAndInclusionPage.java:46)
at com.PageTests.DiversityTest.featureCheck(DiversityTest.java:43)
at java.base/jdk.internal.reflect.NativeMethodAccessorImpl.invoke0(Native Method)
at java.base/jdk.internal.reflect.NativeMethodAccessorImpl.invoke(NativeMethodAccessorImpl.java:62)
at java.base/jdk.internal.reflect.DelegatingMethodAccessorImpl.invoke(DelegatingMethodAccessorImpl.java:43)
at java.base/java.lang.reflect.Method.invoke(Method.java:566)
at org.testng.internal.invokers.MethodInvocationHelper.invokeMethod(MethodInvocationHelper.java:135)
at org.testng.internal.invokers.TestInvoker.invokeMethod(TestInvoker.java:673)
at org.testng.internal.invokers.TestInvoker.invokeTestMethod(TestInvoker.java:220)
at org.testng.internal.invokers.MethodRunner.runInSequence(MethodRunner.java:50)
at org.testng.internal.invokers.TestInvoker$MethodInvocationAgent.invoke(TestInvoker.java:945)
at org.testng.internal.invokers.TestInvoker.invokeTestMethods(TestInvoker.java:193)
at org.testng.internal.invokers.TestMethodWorker.invokeTestMethods(TestMethodWorker.java:146)
at org.testng.internal.invokers.TestMethodWorker.run(TestMethodWorker.java:128)
at java.base/java.util.ArrayList.forEach(ArrayList.java:1541)
at org.testng.TestRunner.privateRun(TestRunner.java:808)
at org.testng.TestRunner.run(TestRunner.java:603)
at org.testng.SuiteRunner.runTest(SuiteRunner.java:429)
at org.testng.SuiteRunner.runSequentially(SuiteRunner.java:423)
at org.testng.SuiteRunner.privateRun(SuiteRunner.java:383)
at org.testng.SuiteRunner.run(SuiteRunner.java:326)
at org.testng.SuiteRunnerWorker.runSuite(SuiteRunnerWorker.java:52)
at org.testng.SuiteRunnerWorker.run(SuiteRunnerWorker.java:95)
at org.testng.TestNG.runSuitesSequentially(TestNG.java:1249)
at org.testng.TestNG.runSuitesLocally(TestNG.java:1169)
at org.testng.TestNG.runSuites(TestNG.java:1092)
at org.testng.TestNG.run(TestNG.java:1060)
at com.intellij.rt.testng.IDEARemoteTestNG.run(IDEARemoteTestNG.java:66)
at com.intellij.rt.testng.RemoteTestNGStarter.main(RemoteTestNGStarter.java:109)
]]>
            </full-stacktrace>
          </exception> <!-- java.io.FileNotFoundException -->
          <reporter-output>
          </reporter-output>
        </test-method> <!-- featureCheck -->
        <test-method is-config="true" signature="tearDown()[pri:0, instance:com.PageTests.DiversityTest@13bc8645]" started-at="2022-05-10T13:36:40 EDT" name="tearDown" finished-at="2022-05-10T13:36:44 EDT" duration-ms="4157" status="PASS">
          <reporter-output>
          </reporter-output>
        </test-method> <!-- tearDown -->
        <test-method is-config="true" signature="setUp(java.lang.String,java.lang.String)[pri:0, instance:com.PageTests.DiversityTest@13bc8645]" started-at="2022-05-10T13:36:44 EDT" name="setUp" finished-at="2022-05-10T13:36:46 EDT" duration-ms="2428" status="PASS">
          <params>
            <param index="0">
              <value>
                <![CDATA[chrome]]>
              </value>
            </param>
            <param index="1">
              <value>
                <![CDATA[https://www.ebay.com]]>
              </value>
            </param>
          </params>
          <reporter-output>
          </reporter-output>
        </test-method> <!-- setUp -->
        <test-method signature="featureCheck()[pri:0, instance:com.PageTests.DiversityTest@13bc8645]" started-at="2022-05-10T13:36:46 EDT" name="featureCheck" finished-at="2022-05-10T13:36:52 EDT" duration-ms="6251" status="FAIL">
          <exception class="java.io.FileNotFoundException">
            <message>
              <![CDATA[C:\Users\bassv\intellij-workspace\Automation-Framework-TeamRock\Screenshots\FeaturedBody-DiversityPage2022_05_10__0001_36_52.jpeg (The system cannot find the path specified)]]>
            </message>
            <full-stacktrace>
              <![CDATA[java.io.FileNotFoundException: C:\Users\bassv\intellij-workspace\Automation-Framework-TeamRock\Screenshots\FeaturedBody-DiversityPage2022_05_10__0001_36_52.jpeg (The system cannot find the path specified)
at java.base/java.io.FileOutputStream.open0(Native Method)
at java.base/java.io.FileOutputStream.open(FileOutputStream.java:298)
at java.base/java.io.FileOutputStream.<init>(FileOutputStream.java:237)
at com.google.common.io.Files$FileByteSink.openStream(Files.java:192)
at com.google.common.io.Files$FileByteSink.openStream(Files.java:180)
at com.google.common.io.ByteSource.copyTo(ByteSource.java:268)
at com.google.common.io.Files.copy(Files.java:319)
at com.TestBase.Constants.takeScreenshot(Constants.java:184)
at com.PageObjects.DiversityAndInclusionPage.featuredBody(DiversityAndInclusionPage.java:46)
at com.PageTests.DiversityTest.featureCheck(DiversityTest.java:43)
at java.base/jdk.internal.reflect.NativeMethodAccessorImpl.invoke0(Native Method)
at java.base/jdk.internal.reflect.NativeMethodAccessorImpl.invoke(NativeMethodAccessorImpl.java:62)
at java.base/jdk.internal.reflect.DelegatingMethodAccessorImpl.invoke(DelegatingMethodAccessorImpl.java:43)
at java.base/java.lang.reflect.Method.invoke(Method.java:566)
at org.testng.internal.invokers.MethodInvocationHelper.invokeMethod(MethodInvocationHelper.java:135)
at org.testng.internal.invokers.TestInvoker.invokeMethod(TestInvoker.java:673)
at org.testng.internal.invokers.TestInvoker.retryFailed(TestInvoker.java:262)
at org.testng.internal.invokers.MethodRunner.runInSequence(MethodRunner.java:62)
at org.testng.internal.invokers.TestInvoker$MethodInvocationAgent.invoke(TestInvoker.java:945)
at org.testng.internal.invokers.TestInvoker.invokeTestMethods(TestInvoker.java:193)
at org.testng.internal.invokers.TestMethodWorker.invokeTestMethods(TestMethodWorker.java:146)
at org.testng.internal.invokers.TestMethodWorker.run(TestMethodWorker.java:128)
at java.base/java.util.ArrayList.forEach(ArrayList.java:1541)
at org.testng.TestRunner.privateRun(TestRunner.java:808)
at org.testng.TestRunner.run(TestRunner.java:603)
at org.testng.SuiteRunner.runTest(SuiteRunner.java:429)
at org.testng.SuiteRunner.runSequentially(SuiteRunner.java:423)
at org.testng.SuiteRunner.privateRun(SuiteRunner.java:383)
at org.testng.SuiteRunner.run(SuiteRunner.java:326)
at org.testng.SuiteRunnerWorker.runSuite(SuiteRunnerWorker.java:52)
at org.testng.SuiteRunnerWorker.run(SuiteRunnerWorker.java:95)
at org.testng.TestNG.runSuitesSequentially(TestNG.java:1249)
at org.testng.TestNG.runSuitesLocally(TestNG.java:1169)
at org.testng.TestNG.runSuites(TestNG.java:1092)
at org.testng.TestNG.run(TestNG.java:1060)
at com.intellij.rt.testng.IDEARemoteTestNG.run(IDEARemoteTestNG.java:66)
at com.intellij.rt.testng.RemoteTestNGStarter.main(RemoteTestNGStarter.java:109)
]]>
            </full-stacktrace>
          </exception> <!-- java.io.FileNotFoundException -->
          <reporter-output>
          </reporter-output>
        </test-method> <!-- featureCheck -->
        <test-method is-config="true" signature="tearDown()[pri:0, instance:com.PageTests.DiversityTest@13bc8645]" started-at="2022-05-10T13:36:52 EDT" name="tearDown" finished-at="2022-05-10T13:36:57 EDT" duration-ms="4143" status="PASS">
          <reporter-output>
          </reporter-output>
        </test-method> <!-- tearDown -->
      </class> <!-- com.PageTests.DiversityTest -->
    </test> <!-- C:/Users/bassv/intellij-workspace/Automation-Framework-TeamRock/Sarah/src/test/java/com/PageTests/DiversityTest.java -->
  </suite> <!-- All Test Suite -->
</testng-results>
