<?xml version="1.0" encoding="UTF-8"?>
<testng-results ignored="31" total="43" passed="9" failed="3" skipped="0">
  <reporter-output>
  </reporter-output>
  <suite started-at="2022-05-10T17:28:35 EDT" name="Default Suite" finished-at="2022-05-10T17:34:09 EDT" duration-ms="334087">
    <groups>
    </groups>
    <test started-at="2022-05-10T17:28:35 EDT" name="Ebay_Framework_FInal" finished-at="2022-05-10T17:34:09 EDT" duration-ms="334087">
      <class name="com.PageTests.SportingGoodsTest">
        <test-method is-config="true" signature="startUp()[pri:0, instance:com.PageTests.SportingGoodsTest@6ee4d9ab]" started-at="2022-05-10T17:33:35 EDT" name="startUp" finished-at="2022-05-10T17:33:40 EDT" duration-ms="4890" status="PASS">
          <reporter-output>
          </reporter-output>
        </test-method> <!-- startUp -->
        <test-method signature="callinAllHiddenItems()[pri:0, instance:com.PageTests.SportingGoodsTest@6ee4d9ab]" started-at="2022-05-10T17:33:40 EDT" name="callinAllHiddenItems" finished-at="2022-05-10T17:33:52 EDT" duration-ms="11766" status="PASS">
          <reporter-output>
          </reporter-output>
        </test-method> <!-- callinAllHiddenItems -->
        <test-method is-config="true" signature="tearDown()[pri:0, instance:com.PageTests.SportingGoodsTest@6ee4d9ab]" started-at="2022-05-10T17:33:52 EDT" name="tearDown" finished-at="2022-05-10T17:33:52 EDT" duration-ms="164" status="PASS">
          <reporter-output>
          </reporter-output>
        </test-method> <!-- tearDown -->
        <test-method is-config="true" signature="startUp()[pri:0, instance:com.PageTests.SportingGoodsTest@6ee4d9ab]" started-at="2022-05-10T17:33:52 EDT" name="startUp" finished-at="2022-05-10T17:33:57 EDT" duration-ms="4914" status="PASS">
          <reporter-output>
          </reporter-output>
        </test-method> <!-- startUp -->
        <test-method signature="sportingGoodsClicks()[pri:0, instance:com.PageTests.SportingGoodsTest@6ee4d9ab]" started-at="2022-05-10T17:33:57 EDT" name="sportingGoodsClicks" finished-at="2022-05-10T17:34:05 EDT" duration-ms="8251" status="FAIL">
          <exception class="org.openqa.selenium.WebDriverException">
            <message>
              <![CDATA[unknown error: cannot determine loading status
from target frame detached
  (Session info: chrome=101.0.4951.54)
Build info: version: '4.1.1', revision: 'e8fcc2cecf'
System info: host: 'DESKTOP-MHM4477', ip: '192.168.0.103', os.name: 'Windows 10', os.arch: 'amd64', os.version: '10.0', java.version: '11.0.12'
Driver info: org.openqa.selenium.chrome.ChromeDriver
Command: [984af723868004bc71480e60ace37880, goBack {}]
Capabilities {acceptInsecureCerts: false, browserName: chrome, browserVersion: 101.0.4951.54, chrome: {chromedriverVersion: 101.0.4951.41 (93c720db8323..., userDataDir: C:\Users\bassv\AppData\Loca...}, goog:chromeOptions: {debuggerAddress: localhost:64585}, javascriptEnabled: true, networkConnectionEnabled: false, pageLoadStrategy: normal, platform: WINDOWS, platformName: WINDOWS, proxy: Proxy(), se:cdp: ws://localhost:64585/devtoo..., se:cdpVersion: 101.0.4951.54, setWindowRect: true, strictFileInteractability: false, timeouts: {implicit: 0, pageLoad: 300000, script: 30000}, unhandledPromptBehavior: dismiss and notify, webauthn:extension:credBlob: true, webauthn:extension:largeBlob: true, webauthn:virtualAuthenticators: true}
Session ID: 984af723868004bc71480e60ace37880]]>
            </message>
            <full-stacktrace>
              <![CDATA[org.openqa.selenium.WebDriverException: unknown error: cannot determine loading status
from target frame detached
  (Session info: chrome=101.0.4951.54)
Build info: version: '4.1.1', revision: 'e8fcc2cecf'
System info: host: 'DESKTOP-MHM4477', ip: '192.168.0.103', os.name: 'Windows 10', os.arch: 'amd64', os.version: '10.0', java.version: '11.0.12'
Driver info: org.openqa.selenium.chrome.ChromeDriver
Command: [984af723868004bc71480e60ace37880, goBack {}]
Capabilities {acceptInsecureCerts: false, browserName: chrome, browserVersion: 101.0.4951.54, chrome: {chromedriverVersion: 101.0.4951.41 (93c720db8323..., userDataDir: C:\Users\bassv\AppData\Loca...}, goog:chromeOptions: {debuggerAddress: localhost:64585}, javascriptEnabled: true, networkConnectionEnabled: false, pageLoadStrategy: normal, platform: WINDOWS, platformName: WINDOWS, proxy: Proxy(), se:cdp: ws://localhost:64585/devtoo..., se:cdpVersion: 101.0.4951.54, setWindowRect: true, strictFileInteractability: false, timeouts: {implicit: 0, pageLoad: 300000, script: 30000}, unhandledPromptBehavior: dismiss and notify, webauthn:extension:credBlob: true, webauthn:extension:largeBlob: true, webauthn:virtualAuthenticators: true}
Session ID: 984af723868004bc71480e60ace37880
at java.base/jdk.internal.reflect.NativeConstructorAccessorImpl.newInstance0(Native Method)
at java.base/jdk.internal.reflect.NativeConstructorAccessorImpl.newInstance(NativeConstructorAccessorImpl.java:62)
at java.base/jdk.internal.reflect.DelegatingConstructorAccessorImpl.newInstance(DelegatingConstructorAccessorImpl.java:45)
at java.base/java.lang.reflect.Constructor.newInstance(Constructor.java:490)
at org.openqa.selenium.remote.codec.w3c.W3CHttpResponseCodec.createException(W3CHttpResponseCodec.java:200)
at org.openqa.selenium.remote.codec.w3c.W3CHttpResponseCodec.decode(W3CHttpResponseCodec.java:133)
at org.openqa.selenium.remote.codec.w3c.W3CHttpResponseCodec.decode(W3CHttpResponseCodec.java:53)
at org.openqa.selenium.remote.HttpCommandExecutor.execute(HttpCommandExecutor.java:184)
at org.openqa.selenium.remote.service.DriverCommandExecutor.invokeExecute(DriverCommandExecutor.java:167)
at org.openqa.selenium.remote.service.DriverCommandExecutor.execute(DriverCommandExecutor.java:142)
at org.openqa.selenium.remote.RemoteWebDriver.execute(RemoteWebDriver.java:543)
at org.openqa.selenium.remote.RemoteWebDriver.execute(RemoteWebDriver.java:598)
at org.openqa.selenium.remote.RemoteWebDriver.execute(RemoteWebDriver.java:602)
at org.openqa.selenium.remote.RemoteWebDriver$RemoteNavigation.back(RemoteWebDriver.java:988)
at com.TestBase.Constants.goBack(Constants.java:124)
at com.PageObjects.SportingGoods.clickingLinks(SportingGoods.java:233)
at com.PageTests.SportingGoodsTest.sportingGoodsClicks(SportingGoodsTest.java:51)
at java.base/jdk.internal.reflect.NativeMethodAccessorImpl.invoke0(Native Method)
at java.base/jdk.internal.reflect.NativeMethodAccessorImpl.invoke(NativeMethodAccessorImpl.java:62)
at java.base/jdk.internal.reflect.DelegatingMethodAccessorImpl.invoke(DelegatingMethodAccessorImpl.java:43)
at java.base/java.lang.reflect.Method.invoke(Method.java:566)
at org.testng.internal.invokers.MethodInvocationHelper.invokeMethod(MethodInvocationHelper.java:135)
at org.testng.internal.invokers.TestInvoker.invokeMethod(TestInvoker.java:673)
at org.testng.internal.invokers.TestInvoker.invokeTestMethod(TestInvoker.java:220)
at org.testng.internal.invokers.MethodRunner.runInSequence(MethodRunner.java:50)
at org.testng.internal.invokers.TestInvoker$MethodInvocationAgent.invoke(TestInvoker.java:945)
at org.testng.internal.invokers.TestInvoker.invokeTestMethods(TestInvoker.java:193)
at org.testng.internal.invokers.TestMethodWorker.invokeTestMethods(TestMethodWorker.java:146)
at org.testng.internal.invokers.TestMethodWorker.run(TestMethodWorker.java:128)
at java.base/java.util.ArrayList.forEach(ArrayList.java:1541)
at org.testng.TestRunner.privateRun(TestRunner.java:808)
at org.testng.TestRunner.run(TestRunner.java:603)
at org.testng.SuiteRunner.runTest(SuiteRunner.java:429)
at org.testng.SuiteRunner.runSequentially(SuiteRunner.java:423)
at org.testng.SuiteRunner.privateRun(SuiteRunner.java:383)
at org.testng.SuiteRunner.run(SuiteRunner.java:326)
at org.testng.SuiteRunnerWorker.runSuite(SuiteRunnerWorker.java:52)
at org.testng.SuiteRunnerWorker.run(SuiteRunnerWorker.java:95)
at org.testng.TestNG.runSuitesSequentially(TestNG.java:1249)
at org.testng.TestNG.runSuitesLocally(TestNG.java:1169)
at org.testng.TestNG.runSuites(TestNG.java:1092)
at org.testng.TestNG.run(TestNG.java:1060)
at com.intellij.rt.testng.IDEARemoteTestNG.run(IDEARemoteTestNG.java:66)
at com.intellij.rt.testng.RemoteTestNGStarter.main(RemoteTestNGStarter.java:109)
]]>
            </full-stacktrace>
          </exception> <!-- org.openqa.selenium.WebDriverException -->
          <reporter-output>
          </reporter-output>
        </test-method> <!-- sportingGoodsClicks -->
        <test-method is-config="true" signature="tearDown()[pri:0, instance:com.PageTests.SportingGoodsTest@6ee4d9ab]" started-at="2022-05-10T17:34:05 EDT" name="tearDown" finished-at="2022-05-10T17:34:09 EDT" duration-ms="4142" status="PASS">
          <reporter-output>
          </reporter-output>
        </test-method> <!-- tearDown -->
      </class> <!-- com.PageTests.SportingGoodsTest -->
      <class name="com.PageTests.SearchSelectTest">
        <test-method is-config="true" signature="startBrowser()[pri:0, instance:com.PageTests.SearchSelectTest@732d0d24]" started-at="2022-05-10T17:32:19 EDT" name="startBrowser" finished-at="2022-05-10T17:32:22 EDT" duration-ms="3249" status="PASS">
          <reporter-output>
          </reporter-output>
        </test-method> <!-- startBrowser -->
        <test-method signature="iPhoneDescription()[pri:0, instance:com.PageTests.SearchSelectTest@732d0d24]" started-at="2022-05-10T17:32:22 EDT" name="iPhoneDescription" finished-at="2022-05-10T17:32:32 EDT" duration-ms="10127" status="PASS">
          <reporter-output>
          </reporter-output>
        </test-method> <!-- iPhoneDescription -->
        <test-method is-config="true" signature="breakDown()[pri:0, instance:com.PageTests.SearchSelectTest@732d0d24]" started-at="2022-05-10T17:32:32 EDT" name="breakDown" finished-at="2022-05-10T17:32:33 EDT" duration-ms="740" status="PASS">
          <reporter-output>
          </reporter-output>
        </test-method> <!-- breakDown -->
      </class> <!-- com.PageTests.SearchSelectTest -->
      <class name="com.PageTests.HomePageSearchTest">
        <test-method is-config="true" signature="startUp()[pri:0, instance:com.PageTests.HomePageSearchTest@4416d64f]" started-at="2022-05-10T17:30:00 EDT" name="startUp" finished-at="2022-05-10T17:30:05 EDT" duration-ms="4362" status="PASS">
          <reporter-output>
          </reporter-output>
        </test-method> <!-- startUp -->
        <test-method signature="itemSearchResults()[pri:0, instance:com.PageTests.HomePageSearchTest@4416d64f]" started-at="2022-05-10T17:30:05 EDT" name="itemSearchResults" finished-at="2022-05-10T17:30:08 EDT" duration-ms="3342" status="PASS">
          <reporter-output>
          </reporter-output>
        </test-method> <!-- itemSearchResults -->
        <test-method is-config="true" signature="breakDown()[pri:0, instance:com.PageTests.HomePageSearchTest@4416d64f]" started-at="2022-05-10T17:30:08 EDT" name="breakDown" finished-at="2022-05-10T17:30:12 EDT" duration-ms="4151" status="PASS">
          <reporter-output>
          </reporter-output>
        </test-method> <!-- breakDown -->
        <test-method is-config="true" signature="startUp()[pri:0, instance:com.PageTests.HomePageSearchTest@4416d64f]" started-at="2022-05-10T17:30:12 EDT" name="startUp" finished-at="2022-05-10T17:30:15 EDT" duration-ms="3203" status="PASS">
          <reporter-output>
          </reporter-output>
        </test-method> <!-- startUp -->
        <test-method signature="searchResultsAgain()[pri:0, instance:com.PageTests.HomePageSearchTest@4416d64f]" started-at="2022-05-10T17:30:15 EDT" name="searchResultsAgain" finished-at="2022-05-10T17:30:18 EDT" duration-ms="2802" status="PASS">
          <reporter-output>
          </reporter-output>
        </test-method> <!-- searchResultsAgain -->
        <test-method is-config="true" signature="breakDown()[pri:0, instance:com.PageTests.HomePageSearchTest@4416d64f]" started-at="2022-05-10T17:30:18 EDT" name="breakDown" finished-at="2022-05-10T17:30:22 EDT" duration-ms="4151" status="PASS">
          <reporter-output>
          </reporter-output>
        </test-method> <!-- breakDown -->
      </class> <!-- com.PageTests.HomePageSearchTest -->
      <class name="com.PageTests.DailyDealsTest">
        <test-method is-config="true" signature="startUp()[pri:0, instance:com.PageTests.DailyDealsTest@50dfbc58]" started-at="2022-05-10T17:29:42 EDT" name="startUp" finished-at="2022-05-10T17:29:47 EDT" duration-ms="4834" status="PASS">
          <reporter-output>
          </reporter-output>
        </test-method> <!-- startUp -->
        <test-method signature="screenShot()[pri:0, instance:com.PageTests.DailyDealsTest@50dfbc58]" started-at="2022-05-10T17:29:47 EDT" name="screenShot" finished-at="2022-05-10T17:29:56 EDT" duration-ms="9030" status="PASS">
          <reporter-output>
          </reporter-output>
        </test-method> <!-- screenShot -->
        <test-method is-config="true" signature="breakDown()[pri:0, instance:com.PageTests.DailyDealsTest@50dfbc58]" started-at="2022-05-10T17:29:56 EDT" name="breakDown" finished-at="2022-05-10T17:30:00 EDT" duration-ms="4169" status="PASS">
          <reporter-output>
          </reporter-output>
        </test-method> <!-- breakDown -->
      </class> <!-- com.PageTests.DailyDealsTest -->
      <class name="com.PageTests.CareerTest">
        <test-method is-config="true" signature="startUp()[pri:0, instance:com.PageTests.CareerTest@55cf0d14]" started-at="2022-05-10T17:28:35 EDT" name="startUp" finished-at="2022-05-10T17:28:40 EDT" duration-ms="5308" status="PASS">
          <reporter-output>
          </reporter-output>
        </test-method> <!-- startUp -->
        <test-method signature="titleTest()[pri:0, instance:com.PageTests.CareerTest@55cf0d14]" started-at="2022-05-10T17:28:40 EDT" name="titleTest" finished-at="2022-05-10T17:28:44 EDT" duration-ms="3960" status="PASS">
          <reporter-output>
          </reporter-output>
        </test-method> <!-- titleTest -->
        <test-method is-config="true" signature="tearDown()[pri:0, instance:com.PageTests.CareerTest@55cf0d14]" started-at="2022-05-10T17:28:44 EDT" name="tearDown" finished-at="2022-05-10T17:28:45 EDT" duration-ms="685" status="PASS">
          <reporter-output>
          </reporter-output>
        </test-method> <!-- tearDown -->
      </class> <!-- com.PageTests.CareerTest -->
      <class name="com.PageTests.HomePageTest">
        <test-method is-config="true" signature="startUp()[pri:0, instance:com.PageTests.HomePageTest@6bf08014]" started-at="2022-05-10T17:30:22 EDT" name="startUp" finished-at="2022-05-10T17:30:26 EDT" duration-ms="3720" status="PASS">
          <reporter-output>
          </reporter-output>
        </test-method> <!-- startUp -->
        <test-method signature="hoverTest()[pri:0, instance:com.PageTests.HomePageTest@6bf08014]" started-at="2022-05-10T17:30:26 EDT" name="hoverTest" finished-at="2022-05-10T17:32:05 EDT" duration-ms="98939" status="PASS">
          <reporter-output>
          </reporter-output>
        </test-method> <!-- hoverTest -->
        <test-method is-config="true" signature="breakDown()[pri:0, instance:com.PageTests.HomePageTest@6bf08014]" started-at="2022-05-10T17:32:05 EDT" name="breakDown" finished-at="2022-05-10T17:32:06 EDT" duration-ms="801" status="PASS">
          <reporter-output>
          </reporter-output>
        </test-method> <!-- breakDown -->
      </class> <!-- com.PageTests.HomePageTest -->
      <class name="com.PageTests.ClothingAccessoriesTests">
        <test-method is-config="true" signature="setUp()[pri:0, instance:com.PageTests.ClothingAccessoriesTests@10f7f7de]" started-at="2022-05-10T17:28:45 EDT" name="setUp" finished-at="2022-05-10T17:28:49 EDT" duration-ms="3837" status="PASS">
          <reporter-output>
          </reporter-output>
        </test-method> <!-- setUp -->
        <test-method signature="remainingCategories()[pri:0, instance:com.PageTests.ClothingAccessoriesTests@10f7f7de]" started-at="2022-05-10T17:28:49 EDT" name="remainingCategories" finished-at="2022-05-10T17:29:13 EDT" duration-ms="23701" status="PASS">
          <reporter-output>
          </reporter-output>
        </test-method> <!-- remainingCategories -->
        <test-method is-config="true" signature="breakDown()[pri:0, instance:com.PageTests.ClothingAccessoriesTests@10f7f7de]" started-at="2022-05-10T17:29:13 EDT" name="breakDown" finished-at="2022-05-10T17:29:13 EDT" duration-ms="161" status="PASS">
          <reporter-output>
          </reporter-output>
        </test-method> <!-- breakDown -->
      </class> <!-- com.PageTests.ClothingAccessoriesTests -->
      <class name="com.PageTests.RegisterUserTest">
        <test-method is-config="true" signature="startUp()[pri:0, instance:com.PageTests.RegisterUserTest@5e3d57c7]" started-at="2022-05-10T17:32:06 EDT" name="startUp" finished-at="2022-05-10T17:32:11 EDT" duration-ms="4597" status="PASS">
          <reporter-output>
          </reporter-output>
        </test-method> <!-- startUp -->
        <test-method signature="registerUserInput(java.lang.String,java.lang.String,java.lang.String,java.lang.String)[pri:0, instance:com.PageTests.RegisterUserTest@5e3d57c7]" started-at="2022-05-10T17:32:11 EDT" name="registerUserInput" data-provider="dataTest" finished-at="2022-05-10T17:32:14 EDT" duration-ms="3484" status="FAIL">
          <params>
            <param index="0">
              <value>
                <![CDATA[chocolate]]>
              </value>
            </param>
            <param index="1">
              <value>
                <![CDATA[biryani]]>
              </value>
            </param>
            <param index="2">
              <value>
                <![CDATA[chocolateBiryani@gmail.com]]>
              </value>
            </param>
            <param index="3">
              <value>
                <![CDATA[Chocolatebiscuit247.]]>
              </value>
            </param>
          </params>
          <exception class="org.openqa.selenium.NoSuchElementException">
            <message>
              <![CDATA[no such element: Unable to locate element: {"method":"xpath","selector":"//input[@id='personalaccount-radio']"}
  (Session info: chrome=101.0.4951.54)
For documentation on this error, please visit: https://selenium.dev/exceptions/#no_such_element
Build info: version: '4.1.1', revision: 'e8fcc2cecf'
System info: host: 'DESKTOP-MHM4477', ip: '192.168.0.103', os.name: 'Windows 10', os.arch: 'amd64', os.version: '10.0', java.version: '11.0.12'
Driver info: org.openqa.selenium.chrome.ChromeDriver
Command: [c679ad7e6805b06f7324d8738e34f9f4, findElement {using=xpath, value=//input[@id='personalaccount-radio']}]
Capabilities {acceptInsecureCerts: false, browserName: chrome, browserVersion: 101.0.4951.54, chrome: {chromedriverVersion: 101.0.4951.41 (93c720db8323..., userDataDir: C:\Users\bassv\AppData\Loca...}, goog:chromeOptions: {debuggerAddress: localhost:64204}, javascriptEnabled: true, networkConnectionEnabled: false, pageLoadStrategy: normal, platform: WINDOWS, platformName: WINDOWS, proxy: Proxy(), se:cdp: ws://localhost:64204/devtoo..., se:cdpVersion: 101.0.4951.54, setWindowRect: true, strictFileInteractability: false, timeouts: {implicit: 0, pageLoad: 300000, script: 30000}, unhandledPromptBehavior: dismiss and notify, webauthn:extension:credBlob: true, webauthn:extension:largeBlob: true, webauthn:virtualAuthenticators: true}
Session ID: c679ad7e6805b06f7324d8738e34f9f4]]>
            </message>
            <full-stacktrace>
              <![CDATA[org.openqa.selenium.NoSuchElementException: no such element: Unable to locate element: {"method":"xpath","selector":"//input[@id='personalaccount-radio']"}
  (Session info: chrome=101.0.4951.54)
For documentation on this error, please visit: https://selenium.dev/exceptions/#no_such_element
Build info: version: '4.1.1', revision: 'e8fcc2cecf'
System info: host: 'DESKTOP-MHM4477', ip: '192.168.0.103', os.name: 'Windows 10', os.arch: 'amd64', os.version: '10.0', java.version: '11.0.12'
Driver info: org.openqa.selenium.chrome.ChromeDriver
Command: [c679ad7e6805b06f7324d8738e34f9f4, findElement {using=xpath, value=//input[@id='personalaccount-radio']}]
Capabilities {acceptInsecureCerts: false, browserName: chrome, browserVersion: 101.0.4951.54, chrome: {chromedriverVersion: 101.0.4951.41 (93c720db8323..., userDataDir: C:\Users\bassv\AppData\Loca...}, goog:chromeOptions: {debuggerAddress: localhost:64204}, javascriptEnabled: true, networkConnectionEnabled: false, pageLoadStrategy: normal, platform: WINDOWS, platformName: WINDOWS, proxy: Proxy(), se:cdp: ws://localhost:64204/devtoo..., se:cdpVersion: 101.0.4951.54, setWindowRect: true, strictFileInteractability: false, timeouts: {implicit: 0, pageLoad: 300000, script: 30000}, unhandledPromptBehavior: dismiss and notify, webauthn:extension:credBlob: true, webauthn:extension:largeBlob: true, webauthn:virtualAuthenticators: true}
Session ID: c679ad7e6805b06f7324d8738e34f9f4
at java.base/jdk.internal.reflect.NativeConstructorAccessorImpl.newInstance0(Native Method)
at java.base/jdk.internal.reflect.NativeConstructorAccessorImpl.newInstance(NativeConstructorAccessorImpl.java:62)
at java.base/jdk.internal.reflect.DelegatingConstructorAccessorImpl.newInstance(DelegatingConstructorAccessorImpl.java:45)
at java.base/java.lang.reflect.Constructor.newInstance(Constructor.java:490)
at org.openqa.selenium.remote.codec.w3c.W3CHttpResponseCodec.createException(W3CHttpResponseCodec.java:200)
at org.openqa.selenium.remote.codec.w3c.W3CHttpResponseCodec.decode(W3CHttpResponseCodec.java:133)
at org.openqa.selenium.remote.codec.w3c.W3CHttpResponseCodec.decode(W3CHttpResponseCodec.java:53)
at org.openqa.selenium.remote.HttpCommandExecutor.execute(HttpCommandExecutor.java:184)
at org.openqa.selenium.remote.service.DriverCommandExecutor.invokeExecute(DriverCommandExecutor.java:167)
at org.openqa.selenium.remote.service.DriverCommandExecutor.execute(DriverCommandExecutor.java:142)
at org.openqa.selenium.remote.RemoteWebDriver.execute(RemoteWebDriver.java:543)
at org.openqa.selenium.remote.ElementLocation$ElementFinder$2.findElement(ElementLocation.java:162)
at org.openqa.selenium.remote.ElementLocation.findElement(ElementLocation.java:60)
at org.openqa.selenium.remote.RemoteWebDriver.findElement(RemoteWebDriver.java:367)
at org.openqa.selenium.remote.RemoteWebDriver.findElement(RemoteWebDriver.java:359)
at org.openqa.selenium.support.pagefactory.DefaultElementLocator.findElement(DefaultElementLocator.java:70)
at org.openqa.selenium.support.pagefactory.internal.LocatingElementHandler.invoke(LocatingElementHandler.java:39)
at com.sun.proxy.$Proxy20.click(Unknown Source)
at com.TestBase.Constants.click(Constants.java:129)
at com.PageObjects.RegisterUserPage.registerClick(RegisterUserPage.java:49)
at com.PageObjects.RegisterUserPage.clickRegister(RegisterUserPage.java:59)
at com.PageTests.RegisterUserTest.registerUserInput(RegisterUserTest.java:40)
at java.base/jdk.internal.reflect.NativeMethodAccessorImpl.invoke0(Native Method)
at java.base/jdk.internal.reflect.NativeMethodAccessorImpl.invoke(NativeMethodAccessorImpl.java:62)
at java.base/jdk.internal.reflect.DelegatingMethodAccessorImpl.invoke(DelegatingMethodAccessorImpl.java:43)
at java.base/java.lang.reflect.Method.invoke(Method.java:566)
at org.testng.internal.invokers.MethodInvocationHelper.invokeMethod(MethodInvocationHelper.java:135)
at org.testng.internal.invokers.TestInvoker.invokeMethod(TestInvoker.java:673)
at org.testng.internal.invokers.TestInvoker.invokeTestMethod(TestInvoker.java:220)
at org.testng.internal.invokers.MethodRunner.runInSequence(MethodRunner.java:50)
at org.testng.internal.invokers.TestInvoker$MethodInvocationAgent.invoke(TestInvoker.java:945)
at org.testng.internal.invokers.TestInvoker.invokeTestMethods(TestInvoker.java:193)
at org.testng.internal.invokers.TestMethodWorker.invokeTestMethods(TestMethodWorker.java:146)
at org.testng.internal.invokers.TestMethodWorker.run(TestMethodWorker.java:128)
at java.base/java.util.ArrayList.forEach(ArrayList.java:1541)
at org.testng.TestRunner.privateRun(TestRunner.java:808)
at org.testng.TestRunner.run(TestRunner.java:603)
at org.testng.SuiteRunner.runTest(SuiteRunner.java:429)
at org.testng.SuiteRunner.runSequentially(SuiteRunner.java:423)
at org.testng.SuiteRunner.privateRun(SuiteRunner.java:383)
at org.testng.SuiteRunner.run(SuiteRunner.java:326)
at org.testng.SuiteRunnerWorker.runSuite(SuiteRunnerWorker.java:52)
at org.testng.SuiteRunnerWorker.run(SuiteRunnerWorker.java:95)
at org.testng.TestNG.runSuitesSequentially(TestNG.java:1249)
at org.testng.TestNG.runSuitesLocally(TestNG.java:1169)
at org.testng.TestNG.runSuites(TestNG.java:1092)
at org.testng.TestNG.run(TestNG.java:1060)
at com.intellij.rt.testng.IDEARemoteTestNG.run(IDEARemoteTestNG.java:66)
at com.intellij.rt.testng.RemoteTestNGStarter.main(RemoteTestNGStarter.java:109)
]]>
            </full-stacktrace>
          </exception> <!-- org.openqa.selenium.NoSuchElementException -->
          <reporter-output>
          </reporter-output>
        </test-method> <!-- registerUserInput -->
        <test-method is-config="true" signature="tearDOWn()[pri:0, instance:com.PageTests.RegisterUserTest@5e3d57c7]" started-at="2022-05-10T17:32:14 EDT" name="tearDOWn" finished-at="2022-05-10T17:32:19 EDT" duration-ms="4168" status="PASS">
          <reporter-output>
          </reporter-output>
        </test-method> <!-- tearDOWn -->
      </class> <!-- com.PageTests.RegisterUserTest -->
      <class name="com.PageTests.CollecteblesTest">
        <test-method is-config="true" signature="setUp()[pri:0, instance:com.PageTests.CollecteblesTest@73a8da0f]" started-at="2022-05-10T17:29:13 EDT" name="setUp" finished-at="2022-05-10T17:29:16 EDT" duration-ms="3713" status="PASS">
          <reporter-output>
          </reporter-output>
        </test-method> <!-- setUp -->
        <test-method signature="collectibles1()[pri:0, instance:com.PageTests.CollecteblesTest@73a8da0f]" started-at="2022-05-10T17:29:16 EDT" name="collectibles1" finished-at="2022-05-10T17:29:38 EDT" duration-ms="21592" status="FAIL">
          <exception class="org.openqa.selenium.WebDriverException">
            <message>
              <![CDATA[unknown error: cannot determine loading status
from target frame detached
  (Session info: chrome=101.0.4951.54)
Build info: version: '4.1.1', revision: 'e8fcc2cecf'
System info: host: 'DESKTOP-MHM4477', ip: '192.168.0.103', os.name: 'Windows 10', os.arch: 'amd64', os.version: '10.0', java.version: '11.0.12'
Driver info: org.openqa.selenium.chrome.ChromeDriver
Command: [ffd0888704197ad0a7a3746262e69da1, clickElement {id=92bf242e-e920-4852-9683-7a99397a5b2f}]
Capabilities {acceptInsecureCerts: false, browserName: chrome, browserVersion: 101.0.4951.54, chrome: {chromedriverVersion: 101.0.4951.41 (93c720db8323..., userDataDir: C:\Users\bassv\AppData\Loca...}, goog:chromeOptions: {debuggerAddress: localhost:63361}, javascriptEnabled: true, networkConnectionEnabled: false, pageLoadStrategy: normal, platform: WINDOWS, platformName: WINDOWS, proxy: Proxy(), se:cdp: ws://localhost:63361/devtoo..., se:cdpVersion: 101.0.4951.54, setWindowRect: true, strictFileInteractability: false, timeouts: {implicit: 0, pageLoad: 300000, script: 30000}, unhandledPromptBehavior: dismiss and notify, webauthn:extension:credBlob: true, webauthn:extension:largeBlob: true, webauthn:virtualAuthenticators: true}
Element: [[ChromeDriver: chrome on WINDOWS (ffd0888704197ad0a7a3746262e69da1)] -> xpath: //a[contains(text(),'See all in Stamps')]]
Session ID: ffd0888704197ad0a7a3746262e69da1]]>
            </message>
            <full-stacktrace>
              <![CDATA[org.openqa.selenium.WebDriverException: unknown error: cannot determine loading status
from target frame detached
  (Session info: chrome=101.0.4951.54)
Build info: version: '4.1.1', revision: 'e8fcc2cecf'
System info: host: 'DESKTOP-MHM4477', ip: '192.168.0.103', os.name: 'Windows 10', os.arch: 'amd64', os.version: '10.0', java.version: '11.0.12'
Driver info: org.openqa.selenium.chrome.ChromeDriver
Command: [ffd0888704197ad0a7a3746262e69da1, clickElement {id=92bf242e-e920-4852-9683-7a99397a5b2f}]
Capabilities {acceptInsecureCerts: false, browserName: chrome, browserVersion: 101.0.4951.54, chrome: {chromedriverVersion: 101.0.4951.41 (93c720db8323..., userDataDir: C:\Users\bassv\AppData\Loca...}, goog:chromeOptions: {debuggerAddress: localhost:63361}, javascriptEnabled: true, networkConnectionEnabled: false, pageLoadStrategy: normal, platform: WINDOWS, platformName: WINDOWS, proxy: Proxy(), se:cdp: ws://localhost:63361/devtoo..., se:cdpVersion: 101.0.4951.54, setWindowRect: true, strictFileInteractability: false, timeouts: {implicit: 0, pageLoad: 300000, script: 30000}, unhandledPromptBehavior: dismiss and notify, webauthn:extension:credBlob: true, webauthn:extension:largeBlob: true, webauthn:virtualAuthenticators: true}
Element: [[ChromeDriver: chrome on WINDOWS (ffd0888704197ad0a7a3746262e69da1)] -> xpath: //a[contains(text(),'See all in Stamps')]]
Session ID: ffd0888704197ad0a7a3746262e69da1
at java.base/jdk.internal.reflect.NativeConstructorAccessorImpl.newInstance0(Native Method)
at java.base/jdk.internal.reflect.NativeConstructorAccessorImpl.newInstance(NativeConstructorAccessorImpl.java:62)
at java.base/jdk.internal.reflect.DelegatingConstructorAccessorImpl.newInstance(DelegatingConstructorAccessorImpl.java:45)
at java.base/java.lang.reflect.Constructor.newInstance(Constructor.java:490)
at org.openqa.selenium.remote.codec.w3c.W3CHttpResponseCodec.createException(W3CHttpResponseCodec.java:200)
at org.openqa.selenium.remote.codec.w3c.W3CHttpResponseCodec.decode(W3CHttpResponseCodec.java:133)
at org.openqa.selenium.remote.codec.w3c.W3CHttpResponseCodec.decode(W3CHttpResponseCodec.java:53)
at org.openqa.selenium.remote.HttpCommandExecutor.execute(HttpCommandExecutor.java:184)
at org.openqa.selenium.remote.service.DriverCommandExecutor.invokeExecute(DriverCommandExecutor.java:167)
at org.openqa.selenium.remote.service.DriverCommandExecutor.execute(DriverCommandExecutor.java:142)
at org.openqa.selenium.remote.RemoteWebDriver.execute(RemoteWebDriver.java:543)
at org.openqa.selenium.remote.RemoteWebElement.execute(RemoteWebElement.java:251)
at org.openqa.selenium.remote.RemoteWebElement.click(RemoteWebElement.java:77)
at java.base/jdk.internal.reflect.NativeMethodAccessorImpl.invoke0(Native Method)
at java.base/jdk.internal.reflect.NativeMethodAccessorImpl.invoke(NativeMethodAccessorImpl.java:62)
at java.base/jdk.internal.reflect.DelegatingMethodAccessorImpl.invoke(DelegatingMethodAccessorImpl.java:43)
at java.base/java.lang.reflect.Method.invoke(Method.java:566)
at org.openqa.selenium.support.pagefactory.internal.LocatingElementHandler.invoke(LocatingElementHandler.java:52)
at com.sun.proxy.$Proxy20.click(Unknown Source)
at com.PageObjects.CollecteblesAndArt.clickstampsLink(CollecteblesAndArt.java:99)
at com.PageTests.CollecteblesTest.collectibles1(CollecteblesTest.java:35)
at java.base/jdk.internal.reflect.NativeMethodAccessorImpl.invoke0(Native Method)
at java.base/jdk.internal.reflect.NativeMethodAccessorImpl.invoke(NativeMethodAccessorImpl.java:62)
at java.base/jdk.internal.reflect.DelegatingMethodAccessorImpl.invoke(DelegatingMethodAccessorImpl.java:43)
at java.base/java.lang.reflect.Method.invoke(Method.java:566)
at org.testng.internal.invokers.MethodInvocationHelper.invokeMethod(MethodInvocationHelper.java:135)
at org.testng.internal.invokers.TestInvoker.invokeMethod(TestInvoker.java:673)
at org.testng.internal.invokers.TestInvoker.invokeTestMethod(TestInvoker.java:220)
at org.testng.internal.invokers.MethodRunner.runInSequence(MethodRunner.java:50)
at org.testng.internal.invokers.TestInvoker$MethodInvocationAgent.invoke(TestInvoker.java:945)
at org.testng.internal.invokers.TestInvoker.invokeTestMethods(TestInvoker.java:193)
at org.testng.internal.invokers.TestMethodWorker.invokeTestMethods(TestMethodWorker.java:146)
at org.testng.internal.invokers.TestMethodWorker.run(TestMethodWorker.java:128)
at java.base/java.util.ArrayList.forEach(ArrayList.java:1541)
at org.testng.TestRunner.privateRun(TestRunner.java:808)
at org.testng.TestRunner.run(TestRunner.java:603)
at org.testng.SuiteRunner.runTest(SuiteRunner.java:429)
at org.testng.SuiteRunner.runSequentially(SuiteRunner.java:423)
at org.testng.SuiteRunner.privateRun(SuiteRunner.java:383)
at org.testng.SuiteRunner.run(SuiteRunner.java:326)
at org.testng.SuiteRunnerWorker.runSuite(SuiteRunnerWorker.java:52)
at org.testng.SuiteRunnerWorker.run(SuiteRunnerWorker.java:95)
at org.testng.TestNG.runSuitesSequentially(TestNG.java:1249)
at org.testng.TestNG.runSuitesLocally(TestNG.java:1169)
at org.testng.TestNG.runSuites(TestNG.java:1092)
at org.testng.TestNG.run(TestNG.java:1060)
at com.intellij.rt.testng.IDEARemoteTestNG.run(IDEARemoteTestNG.java:66)
at com.intellij.rt.testng.RemoteTestNGStarter.main(RemoteTestNGStarter.java:109)
]]>
            </full-stacktrace>
          </exception> <!-- org.openqa.selenium.WebDriverException -->
          <reporter-output>
          </reporter-output>
        </test-method> <!-- collectibles1 -->
        <test-method is-config="true" signature="breakDown()[pri:0, instance:com.PageTests.CollecteblesTest@73a8da0f]" started-at="2022-05-10T17:29:38 EDT" name="breakDown" finished-at="2022-05-10T17:29:42 EDT" duration-ms="4114" status="PASS">
          <reporter-output>
          </reporter-output>
        </test-method> <!-- breakDown -->
      </class> <!-- com.PageTests.CollecteblesTest -->
      <class name="com.PageTests.SelleCenterTest">
        <test-method is-config="true" signature="setUp()[pri:0, instance:com.PageTests.SelleCenterTest@1fb19a0]" started-at="2022-05-10T17:32:33 EDT" name="setUp" finished-at="2022-05-10T17:32:37 EDT" duration-ms="4177" status="PASS">
          <reporter-output>
          </reporter-output>
        </test-method> <!-- setUp -->
        <test-method signature="hoverOverTest()[pri:0, instance:com.PageTests.SelleCenterTest@1fb19a0]" started-at="2022-05-10T17:32:37 EDT" name="hoverOverTest" finished-at="2022-05-10T17:33:34 EDT" duration-ms="57399" status="PASS">
          <reporter-output>
          </reporter-output>
        </test-method> <!-- hoverOverTest -->
        <test-method is-config="true" signature="tearDown()[pri:0, instance:com.PageTests.SelleCenterTest@1fb19a0]" started-at="2022-05-10T17:33:34 EDT" name="tearDown" finished-at="2022-05-10T17:33:35 EDT" duration-ms="680" status="PASS">
          <reporter-output>
          </reporter-output>
        </test-method> <!-- tearDown -->
      </class> <!-- com.PageTests.SelleCenterTest -->
    </test> <!-- Ebay_Framework_FInal -->
  </suite> <!-- Default Suite -->
</testng-results>
