<?xml version="1.0" encoding="UTF-8"?>
<!-- Generated by org.testng.reporters.JUnitXMLReporter -->
<testsuite ignored="0" hostname="DESKTOP-MHM4477" failures="1" tests="5" name="C:/Users/bassv/intellij-workspace/Automation-Framework-TeamRock/Sarah/src/test/java/com/PageTests/DiversityTest.java" time="44.823" errors="0" timestamp="2022-05-10T13:36:57 EDT">
  <testcase classname="com.PageTests.DiversityTest" name="numbersText" time="3.507"/>
  <testcase classname="com.PageTests.DiversityTest" name="byThenumber" time="4.82"/>
  <testcase classname="com.PageTests.DiversityTest" name="pageInfoVerification" time="2.133"/>
  <testcase classname="com.PageTests.DiversityTest" name="featureCheck" time="5.555">
    <skipped/>
  </testcase> <!-- featureCheck -->
  <testcase classname="com.PageTests.DiversityTest" name="featureCheck" time="6.251">
    <failure type="java.io.FileNotFoundException" message="C:\Users\bassv\intellij-workspace\Automation-Framework-TeamRock\Screenshots\FeaturedBody-DiversityPage2022_05_10__0001_36_52.jpeg (The system cannot find the path specified)">
      <![CDATA[java.io.FileNotFoundException: C:\Users\bassv\intellij-workspace\Automation-Framework-TeamRock\Screenshots\FeaturedBody-DiversityPage2022_05_10__0001_36_52.jpeg (The system cannot find the path specified)
at java.base/java.io.FileOutputStream.open0(Native Method)
at java.base/java.io.FileOutputStream.open(FileOutputStream.java:298)
at java.base/java.io.FileOutputStream.<init>(FileOutputStream.java:237)
at com.google.common.io.Files$FileByteSink.openStream(Files.java:192)
at com.google.common.io.Files$FileByteSink.openStream(Files.java:180)
at com.google.common.io.ByteSource.copyTo(ByteSource.java:268)
at com.google.common.io.Files.copy(Files.java:319)
at com.TestBase.Constants.takeScreenshot(Constants.java:184)
at com.PageObjects.DiversityAndInclusionPage.featuredBody(DiversityAndInclusionPage.java:46)
at com.PageTests.DiversityTest.featureCheck(DiversityTest.java:43)
at java.base/jdk.internal.reflect.NativeMethodAccessorImpl.invoke0(Native Method)
at java.base/jdk.internal.reflect.NativeMethodAccessorImpl.invoke(NativeMethodAccessorImpl.java:62)
at java.base/jdk.internal.reflect.DelegatingMethodAccessorImpl.invoke(DelegatingMethodAccessorImpl.java:43)
at java.base/java.lang.reflect.Method.invoke(Method.java:566)
at org.testng.internal.invokers.MethodInvocationHelper.invokeMethod(MethodInvocationHelper.java:135)
at org.testng.internal.invokers.TestInvoker.invokeMethod(TestInvoker.java:673)
at org.testng.internal.invokers.TestInvoker.retryFailed(TestInvoker.java:262)
at org.testng.internal.invokers.MethodRunner.runInSequence(MethodRunner.java:62)
at org.testng.internal.invokers.TestInvoker$MethodInvocationAgent.invoke(TestInvoker.java:945)
at org.testng.internal.invokers.TestInvoker.invokeTestMethods(TestInvoker.java:193)
at org.testng.internal.invokers.TestMethodWorker.invokeTestMethods(TestMethodWorker.java:146)
at org.testng.internal.invokers.TestMethodWorker.run(TestMethodWorker.java:128)
at java.base/java.util.ArrayList.forEach(ArrayList.java:1541)
at org.testng.TestRunner.privateRun(TestRunner.java:808)
at org.testng.TestRunner.run(TestRunner.java:603)
at org.testng.SuiteRunner.runTest(SuiteRunner.java:429)
at org.testng.SuiteRunner.runSequentially(SuiteRunner.java:423)
at org.testng.SuiteRunner.privateRun(SuiteRunner.java:383)
at org.testng.SuiteRunner.run(SuiteRunner.java:326)
at org.testng.SuiteRunnerWorker.runSuite(SuiteRunnerWorker.java:52)
at org.testng.SuiteRunnerWorker.run(SuiteRunnerWorker.java:95)
at org.testng.TestNG.runSuitesSequentially(TestNG.java:1249)
at org.testng.TestNG.runSuitesLocally(TestNG.java:1169)
at org.testng.TestNG.runSuites(TestNG.java:1092)
at org.testng.TestNG.run(TestNG.java:1060)
at com.intellij.rt.testng.IDEARemoteTestNG.run(IDEARemoteTestNG.java:66)
at com.intellij.rt.testng.RemoteTestNGStarter.main(RemoteTestNGStarter.java:109)
]]>
    </failure>
  </testcase> <!-- featureCheck -->
</testsuite> <!-- C:/Users/bassv/intellij-workspace/Automation-Framework-TeamRock/Sarah/src/test/java/com/PageTests/DiversityTest.java -->
